2022-06-05 13:14:37,585 [Worker-5: Loading available Gradle versions] INFO  o.e.b.c.i.u.g.PublishedGradleVersions - Gradle version information cache is up-to-date. Trying to read.
2022-06-05 13:14:59,012 [Worker-0: Loading available Gradle versions] INFO  o.e.b.c.i.u.g.PublishedGradleVersions - Gradle version information cache is up-to-date. Trying to read.
2022-06-05 13:15:08,039 [Worker-3: Updating Maven Dependencies] INFO  o.e.m.c.i.l.LifecycleMappingFactory - Using org.eclipse.m2e.jdt.JarLifecycleMapping lifecycle mapping for MavenProject: PComponentesPrimefaces:PComponentesPrimefaces:0.0.1-SNAPSHOT @ C:\Users\willm\eclipse-workspace\cursoDAgil\PComponentesPrimefaces\pom.xml.
2022-06-05 13:15:08,198 [Worker-3: Updating Maven Dependencies] INFO  o.e.m.c.i.l.LifecycleMappingFactory - Using NULL lifecycle mapping for MavenProject: cursoDAgil:PFrameworksCentralEq2:0.0.1-SNAPSHOT @ C:\Users\willm\eclipse-workspace\cursoDAgil\PFrameworksCentralEq2\pom.xml.
2022-06-05 13:15:08,225 [Worker-3: Updating Maven Dependencies] INFO  o.e.m.c.i.l.LifecycleMappingFactory - Using org.eclipse.m2e.jdt.JarLifecycleMapping lifecycle mapping for MavenProject: PComponentesPrimefaces:PComponentesPrimefaces:0.0.1-SNAPSHOT @ C:\Users\willm\eclipse-workspace\cursoDAgil\PComponentesPrimefaces\pom.xml.
2022-06-05 13:15:09,268 [Worker-4: Building] INFO  o.e.m.c.i.l.LifecycleMappingFactory - Using org.eclipse.m2e.jdt.JarLifecycleMapping lifecycle mapping for MavenProject: PFrameworksPresentacionEq2:PFrameworksPresentacionEq2:0.0.1-SNAPSHOT @ C:\Users\willm\eclipse-workspace\cursoDAgil\PFrameworksPresentacionEq2\pom.xml.
2022-06-05 13:15:09,651 [Worker-4: Building] INFO  o.e.m.c.i.l.LifecycleMappingFactory - Using org.eclipse.m2e.jdt.JarLifecycleMapping lifecycle mapping for MavenProject: PFrameworksServiciosEq2:PFrameworksServiciosEq2:0.0.1-SNAPSHOT @ C:\Users\willm\eclipse-workspace\cursoDAgil\PFrameworksServiciosEq2\pom.xml.
2022-06-05 13:15:09,660 [Worker-4: Building] WARN  o.e.m.c.i.embedder.EclipseLogger - The POM for ProyectoFrameworksPersistenciaEq2:ProyectoFrameworksPersistenciaEq2:jar:0.0.1-SNAPSHOT is missing, no dependency information available
2022-06-05 13:15:09,693 [Worker-4: Building] INFO  o.e.m.c.i.l.LifecycleMappingFactory - Using org.eclipse.m2e.jdt.JarLifecycleMapping lifecycle mapping for MavenProject: PComponentesPrimefaces:PComponentesPrimefaces:0.0.1-SNAPSHOT @ C:\Users\willm\eclipse-workspace\cursoDAgil\PComponentesPrimefaces\pom.xml.
2022-06-05 13:15:09,741 [Worker-4: Building] INFO  o.e.m.c.i.l.LifecycleMappingFactory - Using org.eclipse.m2e.jdt.JarLifecycleMapping lifecycle mapping for MavenProject: PFrameworksPresentacionEq2:PFrameworksPresentacionEq2:0.0.1-SNAPSHOT @ C:\Users\willm\eclipse-workspace\cursoDAgil\PFrameworksPresentacionEq2\pom.xml.
2022-06-05 13:15:09,752 [Worker-4: Building] INFO  o.e.m.c.i.p.WorkspaceClassifierResolverManager - Resolving P/PFrameworksServiciosEq2: PFrameworksServiciosEq2:PFrameworksServiciosEq2:0.0.1-SNAPSHOT with classifier  to /PFrameworksServiciosEq2/target/classes
2022-06-05 13:15:09,787 [Worker-4: Building] INFO  o.e.m.c.i.p.WorkspaceClassifierResolverManager - Resolving P/PFrameworksServiciosEq2: PFrameworksServiciosEq2:PFrameworksServiciosEq2:0.0.1-SNAPSHOT with classifier  to /PFrameworksServiciosEq2/target/classes
2022-06-05 13:15:10,056 [Worker-4: Building] INFO  o.e.m.c.i.l.LifecycleMappingFactory - Using org.eclipse.m2e.jdt.JarLifecycleMapping lifecycle mapping for MavenProject: ProyectoFrameworksPersistenciaEq2:ProyectoFrameworksPersistenciaEq2:0.0.1-SNAPSHOT @ C:\Users\willm\eclipse-workspace\cursoDAgil\ProyectoFrameworksPersistenciaEq2\pom.xml.
2022-06-05 13:15:10,142 [Worker-4: Building] INFO  o.e.m.c.i.l.LifecycleMappingFactory - Using org.eclipse.m2e.jdt.JarLifecycleMapping lifecycle mapping for MavenProject: PFrameworksServiciosEq2:PFrameworksServiciosEq2:0.0.1-SNAPSHOT @ C:\Users\willm\eclipse-workspace\cursoDAgil\PFrameworksServiciosEq2\pom.xml.
2022-06-05 13:15:10,155 [Worker-4: Building] INFO  o.e.m.c.i.p.WorkspaceClassifierResolverManager - Resolving P/ProyectoFrameworksPersistenciaEq2: ProyectoFrameworksPersistenciaEq2:ProyectoFrameworksPersistenciaEq2:0.0.1-SNAPSHOT with classifier  to /ProyectoFrameworksPersistenciaEq2/target/classes
2022-06-05 13:15:10,253 [Worker-4: Building] INFO  o.e.m.c.i.l.LifecycleMappingFactory - Using org.eclipse.m2e.jdt.JarLifecycleMapping lifecycle mapping for MavenProject: PComponentesPrimefaces:PComponentesPrimefaces:0.0.1-SNAPSHOT @ C:\Users\willm\eclipse-workspace\cursoDAgil\PComponentesPrimefaces\pom.xml.
2022-06-05 13:15:10,341 [Worker-4: Building] INFO  o.e.m.c.i.l.LifecycleMappingFactory - Using org.eclipse.m2e.jdt.JarLifecycleMapping lifecycle mapping for MavenProject: PFrameworksPresentacionEq2:PFrameworksPresentacionEq2:0.0.1-SNAPSHOT @ C:\Users\willm\eclipse-workspace\cursoDAgil\PFrameworksPresentacionEq2\pom.xml.
2022-06-05 13:15:10,348 [Worker-4: Building] INFO  o.e.m.c.i.p.WorkspaceClassifierResolverManager - Resolving P/PFrameworksServiciosEq2: PFrameworksServiciosEq2:PFrameworksServiciosEq2:0.0.1-SNAPSHOT with classifier  to /PFrameworksServiciosEq2/target/classes
2022-06-05 13:15:10,348 [Worker-4: Building] INFO  o.e.m.c.i.p.WorkspaceClassifierResolverManager - Resolving P/ProyectoFrameworksPersistenciaEq2: ProyectoFrameworksPersistenciaEq2:ProyectoFrameworksPersistenciaEq2:0.0.1-SNAPSHOT with classifier  to /ProyectoFrameworksPersistenciaEq2/target/classes
2022-06-05 13:15:10,372 [Worker-4: Building] INFO  o.e.m.c.i.p.WorkspaceClassifierResolverManager - Resolving P/ProyectoFrameworksPersistenciaEq2: ProyectoFrameworksPersistenciaEq2:ProyectoFrameworksPersistenciaEq2:0.0.1-SNAPSHOT with classifier  to /ProyectoFrameworksPersistenciaEq2/target/classes
2022-06-05 13:15:10,381 [Worker-4: Building] INFO  o.e.m.c.i.p.WorkspaceClassifierResolverManager - Resolving P/PFrameworksServiciosEq2: PFrameworksServiciosEq2:PFrameworksServiciosEq2:0.0.1-SNAPSHOT with classifier  to /PFrameworksServiciosEq2/target/classes
2022-06-05 13:15:10,381 [Worker-4: Building] INFO  o.e.m.c.i.p.WorkspaceClassifierResolverManager - Resolving P/ProyectoFrameworksPersistenciaEq2: ProyectoFrameworksPersistenciaEq2:ProyectoFrameworksPersistenciaEq2:0.0.1-SNAPSHOT with classifier  to /ProyectoFrameworksPersistenciaEq2/target/classes
2022-06-05 13:15:10,395 [Worker-4: Building] INFO  o.e.m.c.i.p.WorkspaceClassifierResolverManager - Resolving P/PFrameworksServiciosEq2: PFrameworksServiciosEq2:PFrameworksServiciosEq2:0.0.1-SNAPSHOT with classifier  to /PFrameworksServiciosEq2/target/classes
2022-06-05 13:15:10,396 [Worker-4: Building] INFO  o.e.m.c.i.p.WorkspaceClassifierResolverManager - Resolving P/ProyectoFrameworksPersistenciaEq2: ProyectoFrameworksPersistenciaEq2:ProyectoFrameworksPersistenciaEq2:0.0.1-SNAPSHOT with classifier  to /ProyectoFrameworksPersistenciaEq2/target/classes
2022-06-05 13:15:25,981 [Worker-14: Building] INFO  o.e.m.c.i.p.WorkspaceClassifierResolverManager - Resolving P/ProyectoFrameworksPersistenciaEq2: ProyectoFrameworksPersistenciaEq2:ProyectoFrameworksPersistenciaEq2:0.0.1-SNAPSHOT with classifier  to /ProyectoFrameworksPersistenciaEq2/target/classes
2022-06-12 11:11:19,661 [Worker-4: Loading available Gradle versions] INFO  o.e.b.c.i.u.g.PublishedGradleVersions - Gradle version information cache is out-of-date. Trying to update.
2022-06-12 11:11:23,726 [Worker-9: Building] INFO  o.e.m.c.i.l.LifecycleMappingFactory - Using org.eclipse.m2e.jdt.JarLifecycleMapping lifecycle mapping for MavenProject: PFrameworksPresentacionEq2:PFrameworksPresentacionEq2:0.0.1-SNAPSHOT @ C:\Users\willm\eclipse-workspace\cursoDAgil\PFrameworksPresentacionEq2\pom.xml.
2022-06-12 11:11:23,869 [Worker-9: Building] INFO  o.e.m.c.i.p.WorkspaceClassifierResolverManager - Resolving P/PFrameworksServiciosEq2: PFrameworksServiciosEq2:PFrameworksServiciosEq2:0.0.1-SNAPSHOT with classifier  to /PFrameworksServiciosEq2/target/classes
2022-06-12 11:11:23,869 [Worker-9: Building] INFO  o.e.m.c.i.p.WorkspaceClassifierResolverManager - Resolving P/ProyectoFrameworksPersistenciaEq2: ProyectoFrameworksPersistenciaEq2:ProyectoFrameworksPersistenciaEq2:0.0.1-SNAPSHOT with classifier  to /ProyectoFrameworksPersistenciaEq2/target/classes
2022-06-12 11:11:36,359 [Worker-8: Building] INFO  o.e.m.c.i.p.WorkspaceClassifierResolverManager - Resolving P/ProyectoFrameworksPersistenciaEq2: ProyectoFrameworksPersistenciaEq2:ProyectoFrameworksPersistenciaEq2:0.0.1-SNAPSHOT with classifier  to /ProyectoFrameworksPersistenciaEq2/target/classes
2024-04-15 12:13:49,290 [Worker-3: Loading available Gradle versions] INFO  o.e.b.c.i.u.g.PublishedGradleVersions - Gradle version information cache is out-of-date. Trying to update.
2024-04-15 12:13:50,693 [Worker-1: Building] INFO  o.e.m.c.i.e.AbstractTransferListenerAdapter - Downloaded http://repository.primefaces.org/javax/annotation/javax.annotation-api/1.3.2/javax.annotation-api-1.3.2.pom
2024-04-15 12:13:50,696 [Worker-1: Building] INFO  o.e.m.c.i.e.AbstractTransferListenerAdapter - Downloaded https://repo.maven.apache.org/maven2/javax/annotation/javax.annotation-api/1.3.2/javax.annotation-api-1.3.2.pom
2024-04-15 12:13:51,930 [Worker-8: Building] INFO  o.e.m.c.i.l.LifecycleMappingFactory - Using org.eclipse.m2e.jdt.JarLifecycleMapping lifecycle mapping for MavenProject: PFrameworksPresentacionEq2:PFrameworksPresentacionEq2:0.0.1-SNAPSHOT @ C:\Users\willm\eclipse-workspace\cursoDAgil\PFrameworksPresentacionEq2\pom.xml.
2024-04-15 12:13:52,123 [Worker-8: Building] INFO  o.e.m.c.i.p.WorkspaceClassifierResolverManager - Resolving P/PFrameworksServiciosEq2: PFrameworksServiciosEq2:PFrameworksServiciosEq2:0.0.1-SNAPSHOT with classifier  to /PFrameworksServiciosEq2/target/classes
2024-04-15 12:13:52,124 [Worker-8: Building] INFO  o.e.m.c.i.p.WorkspaceClassifierResolverManager - Resolving P/ProyectoFrameworksPersistenciaEq2: ProyectoFrameworksPersistenciaEq2:ProyectoFrameworksPersistenciaEq2:0.0.1-SNAPSHOT with classifier  to /ProyectoFrameworksPersistenciaEq2/target/classes
2024-04-15 12:13:53,679 [Worker-8: Building] INFO  o.e.m.c.i.e.AbstractTransferListenerAdapter - Downloaded http://repository.primefaces.org/javax/annotation/javax.annotation-api/1.3.2/javax.annotation-api-1.3.2.jar
2024-04-15 12:13:53,681 [Worker-8: Building] INFO  o.e.m.c.i.e.AbstractTransferListenerAdapter - Downloaded https://repo.maven.apache.org/maven2/javax/annotation/javax.annotation-api/1.3.2/javax.annotation-api-1.3.2.jar
2024-04-15 12:13:53,916 [Worker-3: Building] INFO  o.e.m.c.i.p.WorkspaceClassifierResolverManager - Resolving P/PFrameworksServiciosEq2: PFrameworksServiciosEq2:PFrameworksServiciosEq2:0.0.1-SNAPSHOT with classifier  to /PFrameworksServiciosEq2/target/classes
2024-04-15 12:13:53,916 [Worker-3: Building] INFO  o.e.m.c.i.p.WorkspaceClassifierResolverManager - Resolving P/ProyectoFrameworksPersistenciaEq2: ProyectoFrameworksPersistenciaEq2:ProyectoFrameworksPersistenciaEq2:0.0.1-SNAPSHOT with classifier  to /ProyectoFrameworksPersistenciaEq2/target/classes
2024-04-15 12:13:56,038 [Worker-5: Download sources and javadoc] INFO  o.e.m.c.i.e.AbstractTransferListenerAdapter - Downloaded http://repository.primefaces.org/com/google/code/gson/gson/2.2.4/gson-2.2.4-sources.jar
2024-04-15 12:13:56,526 [Worker-5: Download sources and javadoc] INFO  o.e.m.c.i.e.AbstractTransferListenerAdapter - Downloading https://repo.maven.apache.org/maven2/com/google/code/gson/gson/2.2.4/gson-2.2.4-sources.jar
2024-04-15 12:13:56,679 [Worker-5: Download sources and javadoc] INFO  o.e.m.c.i.e.AbstractTransferListenerAdapter - Downloaded https://repo.maven.apache.org/maven2/com/google/code/gson/gson/2.2.4/gson-2.2.4-sources.jar
2024-04-15 12:13:56,739 [Worker-5: Download sources and javadoc] INFO  o.e.m.j.internal.DownloadSourcesJob - Downloaded sources for com.google.code.gson:gson:2.2.4
2024-04-15 12:13:58,570 [Worker-5: Download sources and javadoc] INFO  o.e.m.c.i.e.AbstractTransferListenerAdapter - Downloaded http://repository.primefaces.org/org/apache/commons/commons-lang3/3.1/commons-lang3-3.1-sources.jar
2024-04-15 12:13:58,814 [Worker-5: Download sources and javadoc] INFO  o.e.m.c.i.e.AbstractTransferListenerAdapter - Downloading https://repo.maven.apache.org/maven2/org/apache/commons/commons-lang3/3.1/commons-lang3-3.1-sources.jar
2024-04-15 12:13:59,109 [Worker-5: Download sources and javadoc] INFO  o.e.m.c.i.e.AbstractTransferListenerAdapter - Downloaded https://repo.maven.apache.org/maven2/org/apache/commons/commons-lang3/3.1/commons-lang3-3.1-sources.jar
2024-04-15 12:13:59,156 [Worker-5: Download sources and javadoc] INFO  o.e.m.j.internal.DownloadSourcesJob - Downloaded sources for org.apache.commons:commons-lang3:3.1
2024-04-15 12:14:00,517 [Worker-5: Download sources and javadoc] INFO  o.e.m.c.i.e.AbstractTransferListenerAdapter - Downloaded http://repository.primefaces.org/javax/annotation/javax.annotation-api/1.3.2/javax.annotation-api-1.3.2-sources.jar
2024-04-15 12:14:00,734 [Worker-5: Download sources and javadoc] INFO  o.e.m.c.i.e.AbstractTransferListenerAdapter - Downloading https://repo.maven.apache.org/maven2/javax/annotation/javax.annotation-api/1.3.2/javax.annotation-api-1.3.2-sources.jar
2024-04-15 12:14:00,840 [Worker-5: Download sources and javadoc] INFO  o.e.m.c.i.e.AbstractTransferListenerAdapter - Downloaded https://repo.maven.apache.org/maven2/javax/annotation/javax.annotation-api/1.3.2/javax.annotation-api-1.3.2-sources.jar
2024-04-15 12:14:00,891 [Worker-5: Download sources and javadoc] INFO  o.e.m.j.internal.DownloadSourcesJob - Downloaded sources for javax.annotation:javax.annotation-api:1.3.2
